<component name="libraryTable">
  <library name="junit4">
    <CLASSES>
      <root url="jar://$PROJECT_DIR$/lib/junit4/hamcrest-core-1.3.jar!/" />
      <root url="jar://$PROJECT_DIR$/lib/junit4/junit-4.13.2.jar!/" />
    </CLASSES>
    <JAVADOC />
    <SOURCES />
  </library>
</component>